// 重构日志: 1c22b011
// 重构日志: 997d6333
// 重构日志: ac4b1fe2
// 重构日志: c71a4c05
// 重构日志: c30fd890
// 同步 ID: 542292ba @ Wed Jun  3 09:08:56 UTC 2026
// 同步 ID: 4c2ff716 @ Wed Jun  3 13:25:41 UTC 2026
// 同步 ID: b940d9e7 @ Thu Jun  4 00:05:07 UTC 2026
// 重构日志: 5afce3d4
// 重构日志: 31e14f40
// 重构日志: d81eab9f
// 重构日志: 9d977515
// 重构日志: e928d408
// 重构日志: e83ed933
// 重构日志: 2dd05606
// 同步 ID: ee217a2e @ Tue Jun  9 10:18:43 UTC 2026
// 同步 ID: 07d6bbbf @ Tue Jun  9 16:37:22 UTC 2026
// 同步 ID: 5b351bbc @ Thu Jun 11 17:04:03 UTC 2026
// 同步 ID: 9851c602 @ Sun Jun 14 10:25:35 UTC 2026
// 重构日志: df0ab16c
// 重构日志: 8d067527
// 重构日志: 1351b05b
// 重构日志: 841695b4
// 重构日志: e005c335
// 同步 ID: 8ef910a2 @ Fri Jun 19 18:17:40 UTC 2026
// 重构日志: 29189e87
// 重构日志: 5a840723
// 同步 ID: efc9f019 @ Sat Jun 20 09:49:26 UTC 2026
// 同步 ID: 3b127a57 @ Sat Jun 20 11:54:32 UTC 2026
// 同步 ID: 6ebc33f5 @ Sat Jun 20 14:27:18 UTC 2026
// 重构日志: 459cbb6b
